<?xml version="1.0" encoding="UTF-8"?>
<testsuite xmlns:xsi="http://www.w3.org/2001/XMLSchema-instance" xsi:noNamespaceSchemaLocation="https://maven.apache.org/surefire/maven-surefire-plugin/xsd/surefire-test-report.xsd" name="com.weather.WeatherExport.WeatherExportApplicationTests" time="0" tests="6" errors="0" skipped="0" failures="1">
  <properties>
[...]
</properties>
  <testcase name="testCreateArgumentsMapAndInputCheck[0]" classname="com.weather.WeatherExport.WeatherExportApplicationTests" time="0">
    <failure message="expected:&lt;false&gt; but was:&lt;true&gt;" type="java.lang.AssertionError"><![CDATA[java.lang.AssertionError: expected:<false> but was:<true>
	at com.weather.WeatherExport.WeatherExportApplicationTests.testCreateArgumentsMapAndInputCheck(WeatherExportApplicationTests.java:74)
]]></failure>
    <system-out><![CDATA[[Weather Export]Missing required options: p 
usage: 
 -l,     Location name 
-p,     File path 

]]></system-out>
  </testcase>
  <testcase name="testCreateArgumentsMapAndInputCheck[1]" classname="com.weather.WeatherExport.WeatherExportApplicationTests" time="0"/>
  <testcase name="testCreateArgumentsMapAndInputCheck[2]" classname="com.weather.WeatherExport.WeatherExportApplicationTests" time="0"/>
  <testcase name="testCreateArgumentsMapAndInputCheck[3]" classname="com.weather.WeatherExport.WeatherExportApplicationTests" time="0"/>
  <testcase name="testCreateArgumentsMapAndInputCheck[4]" classname="com.weather.WeatherExport.WeatherExportApplicationTests" time="0"/>
  <testcase name="testCreateArgumentsMapAndInputCheck[5]" classname="com.weather.WeatherExport.WeatherExportApplicationTests" time="0"/>
</testsuite>